2022-01-28 21:40:47 info:数据库连接开始
2022-01-28 21:40:47 info:数据库连接成功^_^
2022-01-28 21:40:47 info:服务已启动，端口：4500
2022-01-30 14:48:54 info:数据库连接开始
2022-01-30 14:48:55 info:数据库连接成功^_^
2022-01-30 14:48:55 info:服务已启动，端口：4500
2022-01-30 15:36:06 info:数据库连接开始
2022-01-30 15:36:07 info:数据库连接成功^_^
2022-01-30 15:36:07 info:服务已启动，端口：4500
2022-01-30 15:52:43 info:数据库连接开始
2022-01-30 15:52:44 info:数据库连接成功^_^
2022-01-30 15:52:44 info:服务已启动，端口：4500
2022-01-30 15:53:30 info:数据库连接开始
2022-01-30 15:53:31 info:数据库连接成功^_^
2022-01-30 15:53:31 info:服务已启动，端口：4500
2022-01-30 15:56:31 info:数据库连接开始
2022-01-30 15:56:31 info:数据库连接成功^_^
2022-01-30 15:56:31 info:服务已启动，端口：4500
2022-01-30 15:58:07 info:数据库连接开始
2022-01-30 15:58:08 info:数据库连接成功^_^
2022-01-30 15:58:08 info:服务已启动，端口：4500
2022-01-30 15:58:12 info:===登录开始===
2022-01-30 15:58:12 info:first：123
2022-01-30 15:58:12 error:Unknown column 'e-mail' in 'field list'
2022-01-30 16:01:12 info:数据库连接开始
2022-01-30 16:01:13 info:数据库连接成功^_^
2022-01-30 16:01:13 info:服务已启动，端口：4500
2022-01-30 16:01:17 info:===登录开始===
2022-01-30 16:01:17 info:first：123
2022-01-30 16:03:17 info:数据库连接开始
2022-01-30 16:03:17 info:数据库连接成功^_^
2022-01-30 16:03:17 info:服务已启动，端口：4500
2022-01-30 16:03:21 info:===登录开始===
2022-01-30 16:03:21 info:first：123
2022-01-30 16:05:00 info:数据库连接开始
2022-01-30 16:05:00 info:数据库连接成功^_^
2022-01-30 16:05:00 info:服务已启动，端口：4500
2022-01-30 16:05:05 info:===登录开始===
2022-01-30 16:05:05 info:first：123
2022-01-30 16:05:05 info:===登录成功===
2022-01-30 16:05:15 info:===登录开始===
2022-01-30 16:05:15 info:first：123
2022-01-30 16:05:15 info:===登录成功===
2022-01-30 16:06:22 info:===登录开始===
2022-01-30 16:06:22 info:：123
2022-01-30 16:08:50 info:数据库连接开始
2022-01-30 16:08:50 info:数据库连接成功^_^
2022-01-30 16:08:50 info:服务已启动，端口：4500
2022-01-30 16:08:55 info:===登录开始===
2022-01-30 16:08:55 info:first：123
2022-01-30 16:08:55 info:===登录成功===
2022-01-30 16:08:59 info:===登录开始===
2022-01-30 16:08:59 info:：123
2022-01-30 16:09:11 info:===登录开始===
2022-01-30 16:09:11 info:first：12
2022-01-30 16:16:18 info:数据库连接开始
2022-01-30 16:16:18 info:数据库连接成功^_^
2022-01-30 16:16:18 info:服务已启动，端口：4500
2022-01-30 16:20:19 info:===登录开始===
2022-01-30 16:20:19 info:first：12
2022-01-30 16:20:30 info:===登录开始===
2022-01-30 16:20:30 info:first：12
2022-01-30 16:21:06 info:===登录开始===
2022-01-30 16:21:06 info:first：12
2022-01-30 16:21:15 info:===登录开始===
2022-01-30 16:21:15 info:first：12
2022-01-30 16:21:27 info:===登录开始===
2022-01-30 16:21:27 info:first：123
2022-01-30 16:21:27 info:===登录成功===
2022-01-30 16:23:38 info:===登录开始===
2022-01-30 16:23:38 info:first：12
2022-01-30 16:24:05 info:===登录开始===
2022-01-30 16:24:05 info:first：12
2022-01-30 16:24:07 info:===登录开始===
2022-01-30 16:24:07 info:first：123
2022-01-30 16:24:07 info:===登录成功===
2022-01-30 16:24:58 info:===登录开始===
2022-01-30 16:24:58 info:first：12
2022-01-30 16:25:02 info:===登录开始===
2022-01-30 16:25:02 info:first：123
2022-01-30 16:25:02 info:===登录成功===
2022-01-30 16:26:13 info:===登录开始===
2022-01-30 16:26:13 info:first：123
2022-01-30 16:26:13 info:===登录成功===
2022-01-30 16:26:42 info:===登录开始===
2022-01-30 16:26:42 info:first：123
2022-01-30 16:26:42 info:===登录成功===
2022-01-30 16:31:20 info:===登录开始===
2022-01-30 16:31:20 info:first：123
2022-01-30 16:31:20 info:===登录成功===
2022-01-30 16:33:37 info:===登录开始===
2022-01-30 16:33:37 info:first：123
2022-01-30 16:33:37 info:===登录成功===
2022-01-30 16:37:12 info:数据库连接开始
2022-01-30 16:37:12 info:数据库连接成功^_^
2022-01-30 16:37:12 info:服务已启动，端口：4500
2022-01-30 21:03:27 info:===登录开始===
2022-01-30 21:03:27 info:first：123
2022-01-30 21:03:27 info:===登录成功===
2022-01-30 21:04:07 info:===登录开始===
2022-01-30 21:04:07 info:first：123
2022-01-30 21:04:07 info:===登录成功===
2022-01-30 21:04:36 info:===登录开始===
2022-01-30 21:04:36 info:张三：123
2022-01-30 21:04:36 error:Cannot read property 'password' of undefined
2022-01-30 21:07:44 info:===登录开始===
2022-01-30 21:07:44 info:张三：123
2022-01-30 21:07:44 error:Cannot read property 'password' of undefined
2022-01-30 21:07:51 info:===登录开始===
2022-01-30 21:07:51 info:张三：123
2022-01-30 21:07:51 error:Cannot read property 'password' of undefined
2022-01-30 21:13:43 error:Validation error
2022-01-30 21:13:47 error:Validation error
2022-01-30 21:14:05 error:Validation error
2022-01-30 21:14:28 error:Validation error
2022-01-30 21:14:59 info:===登录开始===
2022-01-30 21:14:59 info:张三：123
2022-01-30 21:14:59 info:===登录成功===
2022-01-30 21:15:01 info:===登录开始===
2022-01-30 21:15:01 info:张三：123
2022-01-30 21:15:01 info:===登录成功===
2022-01-30 21:15:07 error:Validation error
2022-01-30 21:15:11 info:===登录开始===
2022-01-30 21:15:11 info:张三：123
2022-01-30 21:15:12 info:===登录成功===
2022-01-30 21:15:19 info:===登录开始===
2022-01-30 21:15:19 info:张三：123
2022-01-30 21:15:19 info:===登录成功===
2022-01-30 21:21:59 info:===登录开始===
2022-01-30 21:21:59 info:张三：123
2022-01-30 21:21:59 info:===登录成功===
2022-01-30 21:22:12 info:===登录开始===
2022-01-30 21:22:12 info:张三：123
2022-01-30 21:22:12 info:===登录成功===
2022-01-30 21:22:43 info:===登录开始===
2022-01-30 21:22:43 info:张三：123
2022-01-30 21:22:43 info:===登录成功===
2022-01-30 21:26:33 info:===登录开始===
2022-01-30 21:26:33 info:张三：123
2022-01-30 21:26:33 info:===登录成功===
2022-01-30 21:30:37 info:===登录开始===
2022-01-30 21:30:37 info:张三：123
2022-01-30 21:30:37 info:===登录成功===
2022-01-30 21:31:16 info:===登录开始===
2022-01-30 21:31:16 info:张三：123
2022-01-30 21:31:16 info:===登录成功===
2022-01-30 21:31:55 info:===登录开始===
2022-01-30 21:31:55 info:张三：123
2022-01-30 21:31:55 info:===登录成功===
2022-01-30 22:01:18 info:===登录开始===
2022-01-30 22:01:18 info:张三：123
2022-01-30 22:01:18 info:===登录成功===
2022-01-31 14:07:48 info:数据库连接开始
2022-01-31 14:07:48 info:数据库连接成功^_^
2022-01-31 14:07:48 info:服务已启动，端口：4500
2022-01-31 14:07:59 info:===登录开始===
2022-01-31 14:07:59 info:张三：123
2022-01-31 14:07:59 info:===登录成功===
2022-01-31 14:08:09 info:===登录开始===
2022-01-31 14:08:09 info:张三：123
2022-01-31 14:08:09 info:===登录成功===
2022-01-31 14:52:45 info:数据库连接开始
2022-01-31 14:52:45 info:数据库连接成功^_^
2022-01-31 14:52:45 info:服务已启动，端口：4500
2022-01-31 14:54:01 info:===登录开始===
2022-01-31 14:54:01 info:张三：123
2022-01-31 14:54:01 info:===登录成功===
2022-01-31 14:55:06 info:===登录开始===
2022-01-31 14:55:06 info:first：123
2022-01-31 14:55:06 info:===登录成功===
2022-01-31 14:58:16 info:数据库连接开始
2022-01-31 14:58:17 info:数据库连接成功^_^
2022-01-31 14:58:17 info:服务已启动，端口：4500
2022-01-31 14:58:59 info:数据库连接开始
2022-01-31 14:59:00 info:数据库连接成功^_^
2022-01-31 14:59:00 info:服务已启动，端口：4500
2022-01-31 15:28:25 info:===登录开始===
2022-01-31 15:28:25 info:张三：123
2022-01-31 15:28:25 info:===登录成功===
2022-01-31 15:30:07 info:===登录开始===
2022-01-31 15:30:07 info:张三：123
2022-01-31 15:30:07 info:===登录成功===
2022-01-31 16:05:09 info:数据库连接开始
2022-01-31 16:05:10 info:数据库连接成功^_^
2022-01-31 16:05:10 info:服务已启动，端口：4500
2022-01-31 16:17:47 error:Invalid value {}
2022-01-31 16:36:50 info:数据库连接开始
2022-01-31 16:36:50 info:数据库连接成功^_^
2022-01-31 16:36:51 info:服务已启动，端口：4500
2022-01-31 16:37:08 info:===登录开始===
2022-01-31 16:37:08 info:张三：123
2022-01-31 16:37:09 info:===登录成功===
2022-01-31 16:42:38 info:数据库连接开始
2022-01-31 16:42:39 info:数据库连接成功^_^
2022-01-31 16:42:39 info:服务已启动，端口：4500
2022-01-31 16:43:07 info:===登录开始===
2022-01-31 16:43:07 info:张三：123
2022-01-31 16:43:07 info:===登录成功===
2022-01-31 16:46:56 info:数据库连接开始
2022-01-31 16:46:56 info:数据库连接成功^_^
2022-01-31 16:46:56 info:服务已启动，端口：4500
2022-01-31 16:47:05 info:===登录开始===
2022-01-31 16:47:05 info:张三：123
2022-01-31 16:47:05 info:===登录成功===
2022-01-31 16:48:27 info:数据库连接开始
2022-01-31 16:48:28 info:数据库连接成功^_^
2022-01-31 16:48:28 info:服务已启动，端口：4500
2022-01-31 16:48:43 info:===登录开始===
2022-01-31 16:48:43 info:张三：123
2022-01-31 16:48:43 info:===登录成功===
2022-01-31 16:50:47 info:数据库连接开始
2022-01-31 16:50:48 info:数据库连接成功^_^
2022-01-31 16:50:48 info:服务已启动，端口：4500
2022-01-31 16:50:58 info:===登录开始===
2022-01-31 16:50:58 info:张三：123
2022-01-31 16:50:58 info:===登录成功===
2022-01-31 16:52:32 info:数据库连接开始
2022-01-31 16:52:32 info:数据库连接成功^_^
2022-01-31 16:52:32 info:服务已启动，端口：4500
2022-01-31 16:52:44 info:===登录开始===
2022-01-31 16:52:44 info:张三：123
2022-01-31 16:52:44 info:===登录成功===
2022-01-31 22:47:57 info:数据库连接开始
2022-01-31 22:47:57 info:数据库连接成功^_^
2022-01-31 22:47:58 info:服务已启动，端口：4500
2022-01-31 22:48:08 info:===登录开始===
2022-01-31 22:48:08 info:张三：123
2022-01-31 22:48:08 info:===登录成功===
2022-01-31 22:50:32 info:数据库连接开始
2022-01-31 22:50:33 info:数据库连接成功^_^
2022-01-31 22:50:33 info:服务已启动，端口：4500
2022-01-31 22:50:48 info:===登录开始===
2022-01-31 22:50:48 info:张三：123
2022-01-31 22:50:48 info:===登录成功===
2022-01-31 22:53:16 info:数据库连接开始
2022-01-31 22:53:17 info:数据库连接成功^_^
2022-01-31 22:53:17 info:服务已启动，端口：4500
2022-01-31 22:53:27 info:===登录开始===
2022-01-31 22:53:27 info:张三：123
2022-01-31 22:53:28 info:===登录成功===
2022-01-31 22:53:33 error:Invalid value {
  fieldName: 'img',
  originalFilename: 'blob',
  path: 'C:\\Users\\不想让~1\\AppData\\Local\\Temp\\-pv5WkVyWl572fVoLik3qnuR',
  headers: {
    'content-disposition': 'form-data; name="img"; filename="blob"',
    'content-type': 'image/jpeg'
  },
  size: 74559,
  name: 'blob',
  type: 'image/jpeg'
}
2022-01-31 23:08:20 info:数据库连接开始
2022-01-31 23:08:20 info:数据库连接成功^_^
2022-01-31 23:08:20 info:服务已启动，端口：4500
2022-01-31 23:08:53 info:===登录开始===
2022-01-31 23:08:53 info:张三：123
2022-01-31 23:08:53 info:===登录成功===
2022-01-31 23:11:49 info:数据库连接开始
2022-01-31 23:11:49 info:数据库连接成功^_^
2022-01-31 23:11:49 info:服务已启动，端口：4500
2022-01-31 23:12:22 info:===登录开始===
2022-01-31 23:12:22 info:张三：123
2022-01-31 23:12:22 info:===登录成功===
2022-01-31 23:12:31 error:Invalid value {}
2022-01-31 23:45:14 info:数据库连接开始
2022-01-31 23:45:14 info:数据库连接成功^_^
2022-01-31 23:45:14 info:服务已启动，端口：4500
2022-01-31 23:45:22 info:===登录开始===
2022-01-31 23:45:22 info:张三：123
2022-01-31 23:45:22 info:===登录成功===
2022-01-31 23:52:55 info:数据库连接开始
2022-01-31 23:52:55 info:数据库连接成功^_^
2022-01-31 23:52:55 info:服务已启动，端口：4500
2022-01-31 23:53:04 info:===登录开始===
2022-01-31 23:53:04 info:张三：123
2022-01-31 23:53:04 info:===登录成功===
2022-01-31 23:57:46 info:数据库连接开始
2022-01-31 23:57:46 info:数据库连接成功^_^
2022-01-31 23:57:46 info:服务已启动，端口：4500
2022-01-31 23:58:33 info:数据库连接开始
2022-01-31 23:58:34 info:数据库连接成功^_^
2022-01-31 23:58:34 info:服务已启动，端口：4500
2022-01-31 23:58:52 info:===登录开始===
2022-01-31 23:58:52 info:张三：123
2022-01-31 23:58:52 info:===登录成功===
2022-02-01 00:11:07 info:数据库连接开始
2022-02-01 00:11:08 info:数据库连接成功^_^
2022-02-01 00:11:08 info:服务已启动，端口：4500
2022-02-01 00:11:15 info:===登录开始===
2022-02-01 00:11:15 info:张三：123
2022-02-01 00:11:15 info:===登录成功===
2022-02-01 00:20:04 info:数据库连接开始
2022-02-01 00:20:04 info:数据库连接成功^_^
2022-02-01 00:20:04 info:服务已启动，端口：4500
2022-02-01 00:20:15 info:===登录开始===
2022-02-01 00:20:15 info:张三：123
2022-02-01 00:20:15 info:===登录成功===
2022-02-01 00:25:05 info:数据库连接开始
2022-02-01 00:25:05 info:数据库连接成功^_^
2022-02-01 00:25:06 info:服务已启动，端口：4500
2022-02-01 00:25:12 info:===登录开始===
2022-02-01 00:25:12 info:张三：123
2022-02-01 00:25:12 info:===登录成功===
2022-02-01 00:27:06 info:数据库连接开始
2022-02-01 00:27:06 info:数据库连接成功^_^
2022-02-01 00:27:06 info:服务已启动，端口：4500
2022-02-01 00:27:17 info:===登录开始===
2022-02-01 00:27:17 info:张三：123
2022-02-01 00:27:17 info:===登录成功===
2022-02-01 00:28:23 info:数据库连接开始
2022-02-01 00:28:23 info:数据库连接成功^_^
2022-02-01 00:28:23 info:服务已启动，端口：4500
2022-02-01 00:28:28 info:===登录开始===
2022-02-01 00:28:28 info:张三：123
2022-02-01 00:28:28 info:===登录成功===
2022-02-01 00:29:41 info:数据库连接开始
2022-02-01 00:29:41 info:数据库连接成功^_^
2022-02-01 00:29:41 info:服务已启动，端口：4500
2022-02-01 00:29:48 info:===登录开始===
2022-02-01 00:29:48 info:张三：123
2022-02-01 00:29:48 info:===登录成功===
2022-02-01 00:31:17 info:数据库连接开始
2022-02-01 00:31:17 info:数据库连接成功^_^
2022-02-01 00:31:18 info:服务已启动，端口：4500
2022-02-01 00:31:25 info:===登录开始===
2022-02-01 00:31:25 info:张三：123
2022-02-01 00:31:25 info:===登录成功===
2022-02-01 00:34:08 info:数据库连接开始
2022-02-01 00:34:08 info:数据库连接成功^_^
2022-02-01 00:34:08 info:服务已启动，端口：4500
2022-02-01 00:34:14 info:===登录开始===
2022-02-01 00:34:14 info:张三：123
2022-02-01 00:34:14 info:===登录成功===
2022-02-01 00:37:01 info:数据库连接开始
2022-02-01 00:37:01 info:数据库连接成功^_^
2022-02-01 00:37:01 info:服务已启动，端口：4500
2022-02-01 00:37:11 info:===登录开始===
2022-02-01 00:37:11 info:张三：123
2022-02-01 00:37:11 info:===登录成功===
2022-02-01 00:39:05 info:数据库连接开始
2022-02-01 00:39:05 info:数据库连接成功^_^
2022-02-01 00:39:05 info:服务已启动，端口：4500
2022-02-01 00:39:14 info:===登录开始===
2022-02-01 00:39:14 info:张三：123
2022-02-01 00:39:14 info:===登录成功===
2022-02-01 00:40:34 info:数据库连接开始
2022-02-01 00:40:34 info:数据库连接成功^_^
2022-02-01 00:40:34 info:服务已启动，端口：4500
2022-02-01 00:40:43 info:===登录开始===
2022-02-01 00:40:43 info:张三：123
2022-02-01 00:40:43 info:===登录成功===
2022-02-01 00:41:48 info:数据库连接开始
2022-02-01 00:41:48 info:数据库连接成功^_^
2022-02-01 00:41:48 info:服务已启动，端口：4500
2022-02-01 00:42:09 info:===登录开始===
2022-02-01 00:42:09 info:张三：123
2022-02-01 00:42:09 info:===登录成功===
2022-02-01 00:43:36 info:数据库连接开始
2022-02-01 00:43:36 info:数据库连接成功^_^
2022-02-01 00:43:36 info:服务已启动，端口：4500
2022-02-01 00:43:43 info:===登录开始===
2022-02-01 00:43:43 info:张三：123
2022-02-01 00:43:43 info:===登录成功===
2022-02-01 00:45:03 info:数据库连接开始
2022-02-01 00:45:04 info:数据库连接成功^_^
2022-02-01 00:45:04 info:服务已启动，端口：4500
2022-02-01 00:45:09 info:===登录开始===
2022-02-01 00:45:09 info:张三：123
2022-02-01 00:45:09 info:===登录成功===
2022-02-01 00:46:10 info:数据库连接开始
2022-02-01 00:46:10 info:数据库连接成功^_^
2022-02-01 00:46:10 info:服务已启动，端口：4500
2022-02-01 00:46:18 info:===登录开始===
2022-02-01 00:46:18 info:张三：123
2022-02-01 00:46:18 info:===登录成功===
2022-02-01 00:47:11 info:数据库连接开始
2022-02-01 00:47:11 info:数据库连接成功^_^
2022-02-01 00:47:11 info:服务已启动，端口：4500
2022-02-01 00:47:17 info:===登录开始===
2022-02-01 00:47:17 info:张三：123
2022-02-01 00:47:18 info:===登录成功===
2022-02-01 00:48:33 info:数据库连接开始
2022-02-01 00:48:33 info:数据库连接成功^_^
2022-02-01 00:48:33 info:服务已启动，端口：4500
2022-02-01 00:50:20 info:数据库连接开始
2022-02-01 00:50:20 info:数据库连接成功^_^
2022-02-01 00:50:20 info:服务已启动，端口：4500
2022-02-01 00:51:45 info:数据库连接开始
2022-02-01 00:51:45 info:数据库连接成功^_^
2022-02-01 00:51:45 info:服务已启动，端口：4500
2022-02-01 00:51:50 info:===登录开始===
2022-02-01 00:51:50 info:张三：123
2022-02-01 00:51:50 info:===登录成功===
2022-02-01 00:51:55 error:Invalid value {
  fieldName: 'img',
  originalFilename: 'blob',
  path: 'public\\images\\VPiQ1eSkWazbi2_I9TI5pOTm',
  headers: {
    'content-disposition': 'form-data; name="img"; filename="blob"',
    'content-type': 'image/jpeg'
  },
  size: 74559
}
2022-02-01 11:51:47 info:数据库连接开始
2022-02-01 11:51:47 info:数据库连接成功^_^
2022-02-01 11:51:47 info:服务已启动，端口：4500
2022-02-01 11:57:43 info:===登录开始===
2022-02-01 11:57:43 info:张三：123
2022-02-01 11:57:43 info:===登录成功===
2022-02-01 11:57:50 error:Invalid value {
  fieldName: 'img',
  originalFilename: 'blob',
  path: 'public\\images\\HbWGJ_oWOMw-9jPxtzIp1aoE',
  headers: {
    'content-disposition': 'form-data; name="img"; filename="blob"',
    'content-type': 'image/jpeg'
  },
  size: 74559
}
2022-02-01 13:20:33 info:数据库连接开始
2022-02-01 13:20:34 info:数据库连接成功^_^
2022-02-01 13:20:34 info:服务已启动，端口：4500
2022-02-01 13:20:41 info:===登录开始===
2022-02-01 13:20:41 info:张三：123
2022-02-01 13:20:41 info:===登录成功===
2022-02-01 13:29:50 info:===登录开始===
2022-02-01 13:29:50 info:张三：123
2022-02-01 13:29:50 info:===登录成功===
2022-02-01 13:31:35 info:===登录开始===
2022-02-01 13:31:35 info:张三：123
2022-02-01 13:31:35 info:===登录成功===
2022-02-01 14:37:54 info:===登录开始===
2022-02-01 14:37:54 info:张三：123
2022-02-01 14:37:54 info:===登录成功===
2022-02-01 14:42:21 info:===登录开始===
2022-02-01 14:42:21 info:张三：123
2022-02-01 14:42:21 info:===登录成功===
2022-02-01 14:58:46 info:数据库连接开始
2022-02-01 14:58:46 info:数据库连接成功^_^
2022-02-01 14:58:46 info:服务已启动，端口：4500
2022-02-01 15:02:46 info:数据库连接开始
2022-02-01 15:02:46 info:数据库连接成功^_^
2022-02-01 15:02:46 info:服务已启动，端口：4500
2022-02-01 15:03:59 info:数据库连接开始
2022-02-01 15:03:59 info:数据库连接成功^_^
2022-02-01 15:03:59 info:服务已启动，端口：4500
2022-02-01 15:11:44 info:数据库连接开始
2022-02-01 15:11:44 info:数据库连接成功^_^
2022-02-01 15:11:44 info:服务已启动，端口：4500
2022-02-01 15:37:52 info:数据库连接开始
2022-02-01 15:37:52 info:数据库连接成功^_^
2022-02-01 15:37:52 info:服务已启动，端口：4500
2022-02-01 15:46:01 info:数据库连接开始
2022-02-01 15:46:01 info:数据库连接成功^_^
2022-02-01 15:46:01 info:服务已启动，端口：4500
2022-02-01 15:51:52 info:数据库连接开始
2022-02-01 15:51:52 info:数据库连接成功^_^
2022-02-01 15:51:52 info:服务已启动，端口：4500
2022-02-01 15:53:06 info:数据库连接开始
2022-02-01 15:53:06 info:数据库连接成功^_^
2022-02-01 15:53:06 info:服务已启动，端口：4500
2022-02-01 15:53:13 info:===登录开始===
2022-02-01 15:53:13 info:张三：123
2022-02-01 15:53:13 info:===登录成功===
2022-02-01 15:55:04 info:数据库连接开始
2022-02-01 15:55:04 info:数据库连接成功^_^
2022-02-01 15:55:05 info:服务已启动，端口：4500
2022-02-01 15:56:41 info:数据库连接开始
2022-02-01 15:56:41 info:数据库连接成功^_^
2022-02-01 15:56:41 info:服务已启动，端口：4500
2022-02-01 15:57:41 info:数据库连接开始
2022-02-01 15:57:41 info:数据库连接成功^_^
2022-02-01 15:57:41 info:服务已启动，端口：4500
2022-02-01 15:58:57 info:数据库连接开始
2022-02-01 15:58:58 info:数据库连接成功^_^
2022-02-01 15:58:58 info:服务已启动，端口：4500
2022-02-01 16:02:38 info:数据库连接开始
2022-02-01 16:02:39 info:数据库连接成功^_^
2022-02-01 16:02:39 info:服务已启动，端口：4500
2022-02-01 16:12:44 info:数据库连接开始
2022-02-01 16:12:44 info:数据库连接成功^_^
2022-02-01 16:12:44 info:服务已启动，端口：4500
2022-02-01 16:14:50 info:数据库连接开始
2022-02-01 16:14:51 info:数据库连接成功^_^
2022-02-01 16:14:51 info:服务已启动，端口：4500
2022-02-01 16:23:58 info:数据库连接开始
2022-02-01 16:23:58 info:数据库连接成功^_^
2022-02-01 16:23:58 info:服务已启动，端口：4500
2022-02-01 16:24:11 info:===登录开始===
2022-02-01 16:24:11 info:张三：123
2022-02-01 16:24:11 info:===登录成功===
2022-02-01 16:29:10 info:数据库连接开始
2022-02-01 16:29:10 info:数据库连接成功^_^
2022-02-01 16:29:10 info:服务已启动，端口：4500
2022-02-01 16:34:29 info:数据库连接开始
2022-02-01 16:34:30 info:数据库连接成功^_^
2022-02-01 16:34:30 info:服务已启动，端口：4500
2022-02-01 21:42:07 info:数据库连接开始
2022-02-01 21:42:07 info:数据库连接成功^_^
2022-02-01 21:42:07 info:服务已启动，端口：4500
2022-02-01 21:42:14 info:===登录开始===
2022-02-01 21:42:14 info:张三：123
2022-02-01 21:42:14 info:===登录成功===
2022-02-01 21:44:01 info:数据库连接开始
2022-02-01 21:44:02 info:数据库连接成功^_^
2022-02-01 21:44:02 info:服务已启动，端口：4500
2022-02-01 21:46:22 info:数据库连接开始
2022-02-01 21:46:22 info:数据库连接成功^_^
2022-02-01 21:46:22 info:服务已启动，端口：4500
2022-02-01 21:47:24 info:数据库连接开始
2022-02-01 21:47:24 info:数据库连接成功^_^
2022-02-01 21:47:24 info:服务已启动，端口：4500
2022-02-01 21:48:16 info:数据库连接开始
2022-02-01 21:48:16 info:数据库连接成功^_^
2022-02-01 21:48:16 info:服务已启动，端口：4500
2022-02-02 17:00:33 info:数据库连接开始
2022-02-02 17:00:34 info:数据库连接成功^_^
2022-02-02 17:00:34 info:服务已启动，端口：4500
2022-02-02 17:01:19 info:===登录开始===
2022-02-02 17:01:19 info:张三：123
2022-02-02 17:01:19 info:===登录成功===
2022-02-02 17:02:08 info:===登录开始===
2022-02-02 17:02:08 info:张三：123
2022-02-02 17:02:08 info:===登录成功===
2022-02-02 17:14:44 info:===登录开始===
2022-02-02 17:14:44 info:张三：123
2022-02-02 17:14:44 info:===登录成功===
2022-02-02 19:53:50 info:===登录开始===
2022-02-02 19:53:50 info:张三：123
2022-02-02 19:53:50 info:===登录成功===
2022-02-02 19:58:41 info:===登录开始===
2022-02-02 19:58:41 info:张三：123
2022-02-02 19:58:41 info:===登录成功===
2022-02-02 20:09:01 info:===登录开始===
2022-02-02 20:09:01 info:张三：123
2022-02-02 20:09:01 info:===登录成功===
2022-02-02 20:09:30 info:===登录开始===
2022-02-02 20:09:30 info:张三：123
2022-02-02 20:09:30 info:===登录成功===
2022-02-02 20:25:27 info:===登录开始===
2022-02-02 20:25:27 info:张三：123
2022-02-02 20:25:27 info:===登录成功===
2022-02-02 20:31:55 info:===登录开始===
2022-02-02 20:31:55 info:张三：123
2022-02-02 20:31:55 info:===登录成功===
2022-02-02 20:33:09 info:===登录开始===
2022-02-02 20:33:09 info:张三：123
2022-02-02 20:33:09 info:===登录成功===
2022-02-02 20:34:49 info:===登录开始===
2022-02-02 20:34:49 info:张三：123
2022-02-02 20:34:49 info:===登录成功===
2022-02-02 20:36:13 info:===登录开始===
2022-02-02 20:36:13 info:张三：123
2022-02-02 20:36:13 info:===登录成功===
2022-02-02 20:39:48 info:===登录开始===
2022-02-02 20:39:48 info:张三：123
2022-02-02 20:39:48 info:===登录成功===
2022-02-02 21:25:10 info:===登录开始===
2022-02-02 21:25:10 info:张三：123
2022-02-02 21:25:10 info:===登录成功===
2022-02-02 21:25:19 info:===登录开始===
2022-02-02 21:25:19 info:张三：123
2022-02-02 21:25:19 info:===登录成功===
2022-02-02 21:48:16 info:===登录开始===
2022-02-02 21:48:16 info:张三：123
2022-02-02 21:48:16 info:===登录成功===
2022-02-02 22:28:44 info:数据库连接开始
2022-02-02 22:28:44 info:数据库连接成功^_^
2022-02-02 22:28:44 info:服务已启动，端口：4500
2022-02-02 22:33:04 info:数据库连接开始
2022-02-02 22:33:04 info:数据库连接成功^_^
2022-02-02 22:33:04 info:服务已启动，端口：4500
2022-02-02 22:34:25 info:数据库连接开始
2022-02-02 22:34:26 info:数据库连接成功^_^
2022-02-02 22:34:26 info:服务已启动，端口：4500
2022-02-03 15:32:25 info:数据库连接开始
2022-02-03 15:32:25 info:数据库连接成功^_^
2022-02-03 15:32:25 info:服务已启动，端口：4500
2022-02-03 15:33:42 info:数据库连接开始
2022-02-03 15:33:42 info:数据库连接成功^_^
2022-02-03 15:33:42 info:服务已启动，端口：4500
2022-02-03 15:34:26 info:===登录开始===
2022-02-03 15:34:26 info:张三：123
2022-02-03 15:34:26 info:===登录成功===
2022-02-03 15:56:04 info:数据库连接开始
2022-02-03 15:56:04 info:数据库连接成功^_^
2022-02-03 15:56:05 info:服务已启动，端口：4500
2022-02-03 16:29:24 info:数据库连接开始
2022-02-03 16:29:24 info:数据库连接成功^_^
2022-02-03 16:29:24 info:服务已启动，端口：4500
2022-02-03 17:08:00 info:数据库连接开始
2022-02-03 17:08:00 info:数据库连接成功^_^
2022-02-03 17:08:00 info:服务已启动，端口：4500
2022-02-03 17:10:55 info:===登录开始===
2022-02-03 17:10:55 info:张三：aaaa
2022-02-03 17:11:00 info:===登录开始===
2022-02-03 17:11:00 info:张三：aaa
2022-02-03 17:11:18 info:===登录开始===
2022-02-03 17:11:18 info:张三：123
2022-02-03 17:11:18 info:===登录成功===
2022-02-03 17:19:26 info:===登录开始===
2022-02-03 17:19:26 info:张三：123
2022-02-03 17:19:26 info:===登录成功===
2022-02-03 17:25:53 error:Unknown column 'userId' in 'where clause'
2022-02-03 17:27:57 info:数据库连接开始
2022-02-03 17:27:57 info:数据库连接成功^_^
2022-02-03 17:27:58 info:服务已启动，端口：4500
2022-02-03 17:28:08 info:===登录开始===
2022-02-03 17:28:08 info:张三：123
2022-02-03 17:28:08 info:===登录成功===
2022-02-03 17:28:16 error:Data too long for column 'telephone' at row 1
2022-02-03 17:44:51 info:===登录开始===
2022-02-03 17:44:51 info:first：123
2022-02-03 17:44:51 info:===登录成功===
2022-02-03 20:37:00 info:数据库连接开始
2022-02-03 20:37:00 info:数据库连接成功^_^
2022-02-03 20:37:01 info:服务已启动，端口：4500
2022-02-03 21:16:58 error:v is not defined
2022-02-03 21:18:29 info:数据库连接开始
2022-02-03 21:18:29 info:数据库连接成功^_^
2022-02-03 21:18:29 info:服务已启动，端口：4500
2022-02-03 21:18:34 error:You have an error in your SQL syntax; check the manual that corresponds to your MySQL server version for the right syntax to use near 'and userId=1' at line 1
2022-02-03 21:23:13 info:数据库连接开始
2022-02-03 21:23:13 info:数据库连接成功^_^
2022-02-03 21:23:13 info:服务已启动，端口：4500
2022-02-03 21:24:47 info:数据库连接开始
2022-02-03 21:24:47 info:数据库连接成功^_^
2022-02-03 21:24:47 info:服务已启动，端口：4500
2022-02-04 16:12:26 info:数据库连接开始
2022-02-04 16:12:26 info:数据库连接成功^_^
2022-02-04 16:12:26 info:服务已启动，端口：4500
2022-02-04 16:14:22 info:===登录开始===
2022-02-04 16:14:22 info:first：123
2022-02-04 16:14:23 info:===登录成功===
2022-02-04 16:39:41 info:数据库连接开始
2022-02-04 16:39:41 info:数据库连接成功^_^
2022-02-04 16:39:42 info:服务已启动，端口：4500
2022-02-04 16:49:55 info:===登录开始===
2022-02-04 16:49:55 info:张三：123
2022-02-04 16:49:55 info:===登录成功===
2022-02-04 16:50:18 error:Validation error
2022-02-04 16:50:24 info:===登录开始===
2022-02-04 16:50:24 info:张三：123
2022-02-04 16:50:24 info:===登录成功===
2022-02-04 16:50:31 info:===登录开始===
2022-02-04 16:50:31 info:first：123
2022-02-04 16:50:31 info:===登录成功===
2022-02-04 18:26:02 info:===登录开始===
2022-02-04 18:26:02 info:first：123
2022-02-04 18:26:02 info:===登录成功===
2022-02-04 20:46:30 info:===登录开始===
2022-02-04 20:46:30 info:first：123
2022-02-04 20:46:30 info:===登录成功===
2022-02-04 20:48:55 info:===登录开始===
2022-02-04 20:48:55 info:first：123
2022-02-04 20:48:55 info:===登录成功===
2022-02-04 20:53:09 info:===登录开始===
2022-02-04 20:53:09 info:first：123
2022-02-04 20:53:09 info:===登录成功===
2022-02-04 21:00:34 info:===登录开始===
2022-02-04 21:00:34 info:first：123
2022-02-04 21:00:34 info:===登录成功===
2022-02-04 21:08:53 info:===登录开始===
2022-02-04 21:08:53 info:first：123
2022-02-04 21:08:53 info:===登录成功===
2022-02-04 21:15:14 info:===登录开始===
2022-02-04 21:15:14 info:first：123
2022-02-04 21:15:14 info:===登录成功===
2022-02-04 21:22:25 info:===登录开始===
2022-02-04 21:22:25 info:first：123
2022-02-04 21:22:25 info:===登录成功===
2022-02-04 22:28:35 error:You have an error in your SQL syntax; check the manual that corresponds to your MySQL server version for the right syntax to use near 'and `status`=1' at line 1
2022-02-06 13:30:34 info:数据库连接开始
2022-02-06 13:30:35 info:数据库连接成功^_^
2022-02-06 13:30:35 info:服务已启动，端口：4500
2022-02-06 13:32:04 info:===登录开始===
2022-02-06 13:32:04 info:first：123
2022-02-06 13:32:04 info:===登录成功(๑>؂<๑）===
2022-02-06 13:32:54 error:Table 'transaction_system.type' doesn't exist
2022-02-06 13:33:01 error:Table 'transaction_system.type' doesn't exist
2022-02-06 13:33:13 error:Table 'transaction_system.type' doesn't exist
2022-02-06 13:35:00 info:数据库连接开始
2022-02-06 13:35:00 info:数据库连接成功^_^
2022-02-06 13:35:01 info:服务已启动，端口：4500
2022-02-06 15:29:27 info:数据库连接开始
2022-02-06 15:29:27 info:数据库连接成功^_^
2022-02-06 15:29:27 info:服务已启动，端口：4500
2022-02-06 15:30:40 info:===登录开始===
2022-02-06 15:30:40 info:first：123
2022-02-06 15:30:40 info:===登录成功(๑>؂<๑）===
2022-02-06 15:31:52 info:数据库连接开始
2022-02-06 15:31:53 info:数据库连接成功^_^
2022-02-06 15:31:53 info:服务已启动，端口：4500
2022-02-06 15:32:07 info:===登录开始===
2022-02-06 15:32:07 info:first：123
2022-02-06 15:32:07 info:===登录成功(๑>؂<๑）===
2022-02-06 15:33:01 info:数据库连接开始
2022-02-06 15:33:02 info:数据库连接成功^_^
2022-02-06 15:33:02 info:服务已启动，端口：4500
2022-02-06 15:38:00 info:===登录开始===
2022-02-06 15:38:00 info:first：123
2022-02-06 15:38:00 info:===登录成功(๑>؂<๑）===
2022-02-06 19:24:30 info:数据库连接开始
2022-02-06 19:24:31 info:数据库连接成功^_^
2022-02-06 19:24:31 info:服务已启动，端口：4500
2022-02-06 19:26:17 info:===登录开始===
2022-02-06 19:26:17 info:first：123
2022-02-06 19:26:17 info:===登录成功(๑>؂<๑）===
2022-02-06 19:27:33 info:===登录开始===
2022-02-06 19:27:33 info:first：123
2022-02-06 19:27:33 info:===登录成功(๑>؂<๑）===
2022-02-06 19:39:37 info:数据库连接开始
2022-02-06 19:39:37 info:数据库连接成功^_^
2022-02-06 19:39:38 info:服务已启动，端口：4500
2022-02-06 19:40:40 info:数据库连接开始
2022-02-06 19:40:40 info:数据库连接成功^_^
2022-02-06 19:40:40 info:服务已启动，端口：4500
2022-02-06 19:52:24 info:数据库连接开始
2022-02-06 19:52:25 info:数据库连接成功^_^
2022-02-06 19:52:25 info:服务已启动，端口：4500
2022-02-06 20:04:01 info:数据库连接开始
2022-02-06 20:04:02 info:数据库连接成功^_^
2022-02-06 20:04:02 info:服务已启动，端口：4500
2022-02-06 20:04:10 error:Column count doesn't match value count at row 1
2022-02-06 20:04:46 error:Column count doesn't match value count at row 1
2022-02-06 20:06:22 error:Column count doesn't match value count at row 1
2022-02-06 20:07:16 info:数据库连接开始
2022-02-06 20:07:16 info:数据库连接成功^_^
2022-02-06 20:07:16 info:服务已启动，端口：4500
2022-02-06 20:07:24 error:Column count doesn't match value count at row 1
2022-02-06 20:11:54 error:Column count doesn't match value count at row 1
2022-02-06 20:14:11 error:Column count doesn't match value count at row 1
2022-02-06 20:20:11 info:数据库连接开始
2022-02-06 20:20:11 info:数据库连接成功^_^
2022-02-06 20:20:11 info:服务已启动，端口：4500
2022-02-06 20:20:21 error:Column count doesn't match value count at row 1
2022-02-06 20:23:02 info:数据库连接开始
2022-02-06 20:23:02 info:数据库连接成功^_^
2022-02-06 20:23:02 info:服务已启动，端口：4500
2022-02-06 20:23:11 error:You have an error in your SQL syntax; check the manual that corresponds to your MySQL server version for the right syntax to use near '?,0)' at line 2
2022-02-06 20:23:59 info:数据库连接开始
2022-02-06 20:23:59 info:数据库连接成功^_^
2022-02-06 20:24:00 info:服务已启动，端口：4500
2022-02-06 20:24:06 error:rlt is not defined
2022-02-06 20:24:06 error:rlt is not defined
2022-02-06 20:24:06 error:rlt is not defined
2022-02-06 20:27:20 info:数据库连接开始
2022-02-06 20:27:20 info:数据库连接成功^_^
2022-02-06 20:27:20 info:服务已启动，端口：4500
2022-02-06 21:00:47 info:===登录开始===
2022-02-06 21:00:47 info:first：123
2022-02-06 21:00:47 info:===登录成功(๑>؂<๑）===
2022-02-06 21:36:54 info:===登录开始===
2022-02-06 21:36:54 info:first：123
2022-02-06 21:36:54 info:===登录成功(๑>؂<๑）===
2022-02-06 21:39:24 info:数据库连接开始
2022-02-06 21:39:24 info:数据库连接成功^_^
2022-02-06 21:39:24 info:服务已启动，端口：4500
2022-02-08 13:46:04 info:数据库连接开始
2022-02-08 13:46:04 info:数据库连接成功^_^
2022-02-08 13:46:05 info:服务已启动，端口：4500
2022-02-08 13:46:54 info:===登录开始===
2022-02-08 13:46:54 info:first：123
2022-02-08 13:46:55 info:===登录成功(๑>؂<๑）===
2022-02-08 13:50:27 info:数据库连接开始
2022-02-08 13:50:28 info:数据库连接成功^_^
2022-02-08 13:50:28 info:服务已启动，端口：4500
2022-02-08 14:51:17 error:Unknown column 'NaN' in 'field list'
2022-02-08 15:00:56 error:Unknown column 'name' in 'where clause'
2022-02-08 16:50:09 info:数据库连接开始
2022-02-08 16:50:09 info:数据库连接成功^_^
2022-02-08 16:50:09 info:服务已启动，端口：4500
2022-02-09 12:24:33 info:数据库连接开始
2022-02-09 12:24:34 info:数据库连接成功^_^
2022-02-09 12:24:34 info:服务已启动，端口：4500
2022-02-09 12:25:22 info:===登录开始===
2022-02-09 12:25:22 info:first：123
2022-02-09 12:25:22 info:===登录成功(๑>؂<๑）===
2022-02-09 14:41:34 info:数据库连接开始
2022-02-09 14:41:35 info:数据库连接成功^_^
2022-02-09 14:41:35 info:服务已启动，端口：4500
2022-02-10 14:18:18 info:数据库连接开始
2022-02-10 14:18:19 info:数据库连接成功^_^
2022-02-10 14:18:19 info:服务已启动，端口：4500
2022-02-10 14:18:55 info:===登录开始===
2022-02-10 14:18:55 info:first：123
2022-02-10 14:18:55 info:===登录成功(๑>؂<๑）===
2022-02-10 15:09:00 info:数据库连接开始
2022-02-10 15:09:00 info:数据库连接成功^_^
2022-02-10 15:09:00 info:服务已启动，端口：4500
2022-02-10 15:14:00 info:数据库连接开始
2022-02-10 15:14:00 info:数据库连接成功^_^
2022-02-10 15:14:00 info:服务已启动，端口：4500
2022-02-10 15:14:53 info:数据库连接开始
2022-02-10 15:14:53 info:数据库连接成功^_^
2022-02-10 15:14:53 info:服务已启动，端口：4500
2022-02-10 15:15:29 info:数据库连接开始
2022-02-10 15:15:29 info:数据库连接成功^_^
2022-02-10 15:15:29 info:服务已启动，端口：4500
2022-02-10 15:16:49 info:数据库连接开始
2022-02-10 15:16:49 info:数据库连接成功^_^
2022-02-10 15:16:49 info:服务已启动，端口：4500
2022-02-10 15:17:55 info:数据库连接开始
2022-02-10 15:17:55 info:数据库连接成功^_^
2022-02-10 15:17:55 info:服务已启动，端口：4500
2022-02-10 15:19:13 info:数据库连接开始
2022-02-10 15:19:13 info:数据库连接成功^_^
2022-02-10 15:19:13 info:服务已启动，端口：4500
2022-02-10 15:20:48 info:数据库连接开始
2022-02-10 15:20:48 info:数据库连接成功^_^
2022-02-10 15:20:48 info:服务已启动，端口：4500
2022-02-10 15:24:08 info:数据库连接开始
2022-02-10 15:24:08 info:数据库连接成功^_^
2022-02-10 15:24:08 info:服务已启动，端口：4500
2022-02-10 15:24:57 info:数据库连接开始
2022-02-10 15:24:57 info:数据库连接成功^_^
2022-02-10 15:24:57 info:服务已启动，端口：4500
2022-02-10 15:26:44 info:数据库连接开始
2022-02-10 15:26:44 info:数据库连接成功^_^
2022-02-10 15:26:44 info:服务已启动，端口：4500
2022-02-10 15:28:32 info:数据库连接开始
2022-02-10 15:28:33 info:数据库连接成功^_^
2022-02-10 15:28:33 info:服务已启动，端口：4500
2022-02-10 15:29:57 info:数据库连接开始
2022-02-10 15:29:57 info:数据库连接成功^_^
2022-02-10 15:29:57 info:服务已启动，端口：4500
2022-02-10 15:33:10 info:数据库连接开始
2022-02-10 15:33:11 info:数据库连接成功^_^
2022-02-10 15:33:11 info:服务已启动，端口：4500
2022-02-10 15:36:23 info:数据库连接开始
2022-02-10 15:36:23 info:数据库连接成功^_^
2022-02-10 15:36:23 info:服务已启动，端口：4500
2022-02-10 19:00:54 info:数据库连接开始
2022-02-10 19:00:54 info:数据库连接成功^_^
2022-02-10 19:00:55 info:服务已启动，端口：4500
2022-02-10 19:19:31 info:===登录开始===
2022-02-10 19:19:31 info:first：123
2022-02-10 19:19:31 info:===登录成功(๑>؂<๑）===
2022-02-10 19:47:53 info:数据库连接开始
2022-02-10 19:47:53 info:数据库连接成功^_^
2022-02-10 19:47:53 info:服务已启动，端口：4500
2022-02-10 19:50:45 info:数据库连接开始
2022-02-10 19:50:45 info:数据库连接成功^_^
2022-02-10 19:50:45 info:服务已启动，端口：4500
2022-02-11 11:35:09 info:数据库连接开始
2022-02-11 11:35:10 info:数据库连接成功^_^
2022-02-11 11:35:10 info:服务已启动，端口：4500
2022-02-11 11:36:20 info:===登录开始===
2022-02-11 11:36:20 info:first：123
2022-02-11 11:36:20 info:===登录成功(๑>؂<๑）===
2022-02-11 15:53:01 error:Unknown column 'undefined' in 'where clause'
2022-02-11 15:53:04 error:Unknown column 'undefined' in 'where clause'
2022-02-11 15:53:16 error:Unknown column 'undefined' in 'where clause'
2022-02-11 15:56:25 error:Unknown column 'undefined' in 'where clause'
2022-02-11 15:59:16 error:Unknown column 'undefined' in 'where clause'
2022-02-11 16:01:04 error:Unknown column 'undefined' in 'where clause'
2022-02-11 16:01:53 error:Unknown column 'undefined' in 'where clause'
2022-02-11 16:03:02 error:Unknown column 'undefined' in 'where clause'
2022-02-11 16:05:20 error:Unknown column 'undefined' in 'where clause'
2022-02-11 16:07:26 error:Unknown column 'undefined' in 'where clause'
2022-02-11 17:20:44 error:Unknown column 'undefined' in 'where clause'
2022-02-11 17:21:37 error:Unknown column 'undefined' in 'where clause'
2022-02-11 17:25:33 info:数据库连接开始
2022-02-11 17:25:33 info:数据库连接成功^_^
2022-02-11 17:25:33 info:服务已启动，端口：4500
2022-02-11 17:29:01 info:数据库连接开始
2022-02-11 17:29:02 info:数据库连接成功^_^
2022-02-11 17:29:02 info:服务已启动，端口：4500
2022-02-11 17:29:10 error:Cannot read property 'length' of undefined
2022-02-11 17:29:27 error:Cannot read property 'length' of undefined
2022-02-11 17:32:40 error:Cannot read property 'length' of undefined
2022-02-11 17:32:56 error:Cannot read property 'length' of undefined
2022-02-11 17:33:11 error:Cannot read property 'length' of undefined
2022-02-11 17:34:09 error:Cannot read property 'length' of undefined
2022-02-11 18:27:29 info:数据库连接开始
2022-02-11 18:27:29 info:数据库连接成功^_^
2022-02-11 18:27:29 info:服务已启动，端口：4500
2022-02-11 18:38:31 info:数据库连接开始
2022-02-11 18:38:31 info:数据库连接成功^_^
2022-02-11 18:38:32 info:服务已启动，端口：4500
2022-02-11 18:39:32 info:数据库连接开始
2022-02-11 18:39:32 info:数据库连接成功^_^
2022-02-11 18:39:33 info:服务已启动，端口：4500
2022-02-11 18:39:38 error:Unknown column 'undefined' in 'where clause'
2022-02-11 18:41:09 info:数据库连接开始
2022-02-11 18:41:10 info:数据库连接成功^_^
2022-02-11 18:41:10 info:服务已启动，端口：4500
2022-02-11 18:41:26 error:Cannot read property 'id' of undefined
2022-02-11 18:44:47 info:数据库连接开始
2022-02-11 18:44:47 info:数据库连接成功^_^
2022-02-11 18:44:47 info:服务已启动，端口：4500
2022-02-11 18:57:37 info:数据库连接开始
2022-02-11 18:57:38 info:数据库连接成功^_^
2022-02-11 18:57:38 info:服务已启动，端口：4500
2022-02-11 19:10:21 info:数据库连接开始
2022-02-11 19:10:22 info:数据库连接成功^_^
2022-02-11 19:10:22 info:服务已启动，端口：4500
2022-02-11 19:56:00 info:数据库连接开始
2022-02-11 19:56:00 info:数据库连接成功^_^
2022-02-11 19:56:00 info:服务已启动，端口：4500
2022-02-11 20:24:57 info:数据库连接开始
2022-02-11 20:24:57 info:数据库连接成功^_^
2022-02-11 20:24:57 info:服务已启动，端口：4500
2022-02-12 14:39:41 info:数据库连接开始
2022-02-12 14:39:41 info:数据库连接成功^_^
2022-02-12 14:39:41 info:服务已启动，端口：4500
2022-02-12 14:56:25 info:===登录开始===
2022-02-12 14:56:25 info:first：123
2022-02-12 14:56:25 info:===登录成功(๑>؂<๑）===
2022-02-12 15:29:35 info:===登录开始===
2022-02-12 15:29:35 info:first：123
2022-02-12 15:29:35 info:===登录成功(๑>؂<๑）===
2022-02-12 16:43:40 info:===登录开始===
2022-02-12 16:43:40 info:first：123
2022-02-12 16:43:40 info:===登录成功(๑>؂<๑）===
2022-02-12 17:17:45 error:Unknown column 'id' in 'where clause'
2022-02-12 17:18:14 error:Unknown column 'id' in 'where clause'
2022-02-12 17:19:08 error:Unknown column 'id' in 'where clause'
2022-02-12 17:19:30 info:数据库连接开始
2022-02-12 17:19:30 info:数据库连接成功^_^
2022-02-12 17:19:30 info:服务已启动，端口：4500
2022-02-12 17:19:36 error:Unknown column 'id' in 'where clause'
2022-02-12 17:21:06 info:数据库连接开始
2022-02-12 17:21:06 info:数据库连接成功^_^
2022-02-12 17:21:07 info:服务已启动，端口：4500
2022-02-12 17:23:30 info:数据库连接开始
2022-02-12 17:23:30 info:数据库连接成功^_^
2022-02-12 17:23:30 info:服务已启动，端口：4500
2022-02-12 17:51:15 info:数据库连接开始
2022-02-12 17:51:15 info:数据库连接成功^_^
2022-02-12 17:51:15 info:服务已启动，端口：4500
2022-02-12 20:05:52 info:数据库连接开始
2022-02-12 20:05:52 info:数据库连接成功^_^
2022-02-12 20:05:52 info:服务已启动，端口：4500
2022-02-12 20:26:06 info:数据库连接开始
2022-02-12 20:26:07 info:数据库连接成功^_^
2022-02-12 20:26:07 info:服务已启动，端口：4500
2022-02-12 20:26:43 info:===登录开始===
2022-02-12 20:26:43 info:first：123
2022-02-12 20:26:43 info:===登录成功(๑>؂<๑）===
2022-02-12 20:27:28 info:数据库连接开始
2022-02-12 20:27:28 info:数据库连接成功^_^
2022-02-12 20:27:29 info:服务已启动，端口：4500
2022-02-12 20:33:23 info:数据库连接开始
2022-02-12 20:33:23 info:数据库连接成功^_^
2022-02-12 20:33:23 info:服务已启动，端口：4500
2022-02-12 20:37:39 info:数据库连接开始
2022-02-12 20:37:39 info:数据库连接成功^_^
2022-02-12 20:37:39 info:服务已启动，端口：4500
2022-02-12 21:22:54 info:数据库连接开始
2022-02-12 21:22:54 info:数据库连接成功^_^
2022-02-12 21:22:54 info:服务已启动，端口：4500
2022-02-12 21:27:23 info:数据库连接开始
2022-02-12 21:27:23 info:数据库连接成功^_^
2022-02-12 21:27:23 info:服务已启动，端口：4500
2022-02-12 21:41:37 info:数据库连接开始
2022-02-12 21:41:37 info:数据库连接成功^_^
2022-02-12 21:41:37 info:服务已启动，端口：4500
2022-02-12 21:42:18 info:数据库连接开始
2022-02-12 21:42:18 info:数据库连接成功^_^
2022-02-12 21:42:18 info:服务已启动，端口：4500
2022-02-12 21:43:06 info:数据库连接开始
2022-02-12 21:43:06 info:数据库连接成功^_^
2022-02-12 21:43:07 info:服务已启动，端口：4500
2022-02-12 21:44:24 info:数据库连接开始
2022-02-12 21:44:24 info:数据库连接成功^_^
2022-02-12 21:44:25 info:服务已启动，端口：4500
2022-02-12 21:45:57 info:数据库连接开始
2022-02-12 21:45:57 info:数据库连接成功^_^
2022-02-12 21:45:58 info:服务已启动，端口：4500
2022-02-12 21:47:42 info:数据库连接开始
2022-02-12 21:47:43 info:数据库连接成功^_^
2022-02-12 21:47:43 info:服务已启动，端口：4500
2022-02-13 12:17:34 info:数据库连接开始
2022-02-13 12:17:34 info:数据库连接成功^_^
2022-02-13 12:17:35 info:服务已启动，端口：4500
2022-02-13 12:20:35 info:===登录开始===
2022-02-13 12:20:35 info:first：123
2022-02-13 12:20:35 info:===登录成功(๑>؂<๑）===
2022-02-13 12:27:02 info:数据库连接开始
2022-02-13 12:27:02 info:数据库连接成功^_^
2022-02-13 12:27:02 info:服务已启动，端口：4500
2022-02-13 18:53:41 info:数据库连接开始
2022-02-13 18:53:41 info:数据库连接成功^_^
2022-02-13 18:53:41 info:服务已启动，端口：4500
2022-02-13 18:55:42 info:数据库连接开始
2022-02-13 18:55:43 info:数据库连接成功^_^
2022-02-13 18:55:43 info:服务已启动，端口：4500
2022-02-13 18:56:38 info:数据库连接开始
2022-02-13 18:56:39 info:数据库连接成功^_^
2022-02-13 18:56:39 info:服务已启动，端口：4500
2022-02-13 19:51:38 info:数据库连接开始
2022-02-13 19:51:38 info:数据库连接成功^_^
2022-02-13 19:51:38 info:服务已启动，端口：4500
2022-02-13 20:05:42 info:===登录开始===
2022-02-13 20:05:42 info:first：123
2022-02-13 20:05:42 info:===登录成功(๑>؂<๑）===
2022-02-13 20:58:20 info:数据库连接开始
2022-02-13 20:58:20 info:数据库连接成功^_^
2022-02-13 20:58:21 info:服务已启动，端口：4500
2022-02-13 20:59:05 info:===登录开始===
2022-02-13 20:59:05 info:first：123
2022-02-13 20:59:05 info:===登录成功(๑>؂<๑）===
2022-02-13 22:15:05 info:===登录开始===
2022-02-13 22:15:05 info:first：123
2022-02-13 22:15:05 info:===登录成功(๑>؂<๑）===
2022-02-13 22:15:26 info:===登录开始===
2022-02-13 22:15:26 info:first：123
2022-02-13 22:15:26 info:===登录成功(๑>؂<๑）===
2022-02-13 22:16:43 info:===登录开始===
2022-02-13 22:16:43 info:first：123
2022-02-13 22:16:43 info:===登录成功(๑>؂<๑）===
2022-02-13 22:18:34 info:===登录开始===
2022-02-13 22:18:34 info:first：123
2022-02-13 22:18:34 info:===登录成功(๑>؂<๑）===
2022-02-13 22:37:36 info:数据库连接开始
2022-02-13 22:37:36 info:数据库连接成功^_^
2022-02-13 22:37:36 info:服务已启动，端口：4500
2022-02-13 22:51:24 info:数据库连接开始
2022-02-13 22:51:24 info:数据库连接成功^_^
2022-02-13 22:51:24 info:服务已启动，端口：4500
2022-02-13 23:16:11 info:数据库连接开始
2022-02-13 23:16:11 info:数据库连接成功^_^
2022-02-13 23:16:11 info:服务已启动，端口：4500
2022-02-13 23:16:21 error:Invalid value {
  _shallow: false,
  dep: { w: 0, n: 0 },
  __v_isRef: true,
  _rawValue: 3,
  _value: 3
}
2022-02-13 23:19:11 error:Unknown column 'id' in 'where clause'
2022-02-13 23:19:50 info:数据库连接开始
2022-02-13 23:19:50 info:数据库连接成功^_^
2022-02-13 23:19:50 info:服务已启动，端口：4500
2022-02-13 23:19:59 error:Unknown column 'NaN' in 'field list'
2022-02-13 23:20:51 info:数据库连接开始
2022-02-13 23:20:51 info:数据库连接成功^_^
2022-02-13 23:20:51 info:服务已启动，端口：4500
2022-02-13 23:25:17 info:===登录开始===
2022-02-13 23:25:17 info:first：123
2022-02-13 23:25:17 info:===登录成功(๑>؂<๑）===
2022-02-13 23:39:44 info:===登录开始===
2022-02-13 23:39:44 info:first：123
2022-02-13 23:39:44 info:===登录成功(๑>؂<๑）===
2022-02-13 23:42:07 info:===登录开始===
2022-02-13 23:42:07 info:first：123
2022-02-13 23:42:07 info:===登录成功(๑>؂<๑）===
2022-02-13 23:50:30 info:===登录开始===
2022-02-13 23:50:30 info:first：123
2022-02-13 23:50:30 info:===登录成功(๑>؂<๑）===
2022-02-13 23:53:17 info:===登录开始===
2022-02-13 23:53:17 info:first：123
2022-02-13 23:53:17 info:===登录成功(๑>؂<๑）===
2022-02-14 20:47:47 info:数据库连接开始
2022-02-14 20:47:47 info:数据库连接成功^_^
2022-02-14 20:47:47 info:服务已启动，端口：4500
2022-02-14 20:48:34 info:===登录开始===
2022-02-14 20:48:34 info:first：123
2022-02-14 20:48:34 info:===登录成功(๑>؂<๑）===
2022-02-14 20:54:57 info:数据库连接开始
2022-02-14 20:54:57 info:数据库连接成功^_^
2022-02-14 20:54:58 info:服务已启动，端口：4500
2022-02-14 20:55:47 info:数据库连接开始
2022-02-14 20:55:48 info:数据库连接成功^_^
2022-02-14 20:55:48 info:服务已启动，端口：4500
2022-02-14 22:43:35 info:===登录开始===
2022-02-14 22:43:35 info:first：123
2022-02-14 22:43:35 info:===登录成功(๑>؂<๑）===
2022-02-14 22:49:50 info:===登录开始===
2022-02-14 22:49:50 info:first：123
2022-02-14 22:49:50 info:===登录成功(๑>؂<๑）===
2022-02-14 22:53:07 info:===登录开始===
2022-02-14 22:53:07 info:first：123
2022-02-14 22:53:07 info:===登录成功(๑>؂<๑）===
2022-02-14 22:54:37 info:===登录开始===
2022-02-14 22:54:37 info:first：123
2022-02-14 22:54:37 info:===登录成功(๑>؂<๑）===
2022-02-14 23:05:44 info:===登录开始===
2022-02-14 23:05:44 info:first：123
2022-02-14 23:05:44 info:===登录成功(๑>؂<๑）===
2022-02-14 23:09:35 info:===登录开始===
2022-02-14 23:09:35 info:first：123
2022-02-14 23:09:35 info:===登录成功(๑>؂<๑）===
2022-02-14 23:14:25 info:===登录开始===
2022-02-14 23:14:25 info:first：123
2022-02-14 23:14:25 info:===登录成功(๑>؂<๑）===
2022-02-14 23:21:26 info:===登录开始===
2022-02-14 23:21:26 info:first：123
2022-02-14 23:21:26 info:===登录成功(๑>؂<๑）===
2022-02-14 23:25:12 info:===登录开始===
2022-02-14 23:25:12 info:first：123
2022-02-14 23:25:12 info:===登录成功(๑>؂<๑）===
2022-02-14 23:26:15 info:===登录开始===
2022-02-14 23:26:15 info:first：123
2022-02-14 23:26:15 info:===登录成功(๑>؂<๑）===
2022-02-14 23:27:37 info:===登录开始===
2022-02-14 23:27:37 info:first：123
2022-02-14 23:27:37 info:===登录成功(๑>؂<๑）===
2022-02-14 23:28:06 info:===登录开始===
2022-02-14 23:28:06 info:second：second
2022-02-14 23:28:06 info:===登录成功(๑>؂<๑）===
2022-02-14 23:28:52 info:===登录开始===
2022-02-14 23:28:52 info:second：second
2022-02-14 23:28:52 info:===登录成功(๑>؂<๑）===
2022-02-14 23:30:36 info:===登录开始===
2022-02-14 23:30:36 info:second：second
2022-02-14 23:30:36 info:===登录成功(๑>؂<๑）===
2022-02-14 23:33:24 info:数据库连接开始
2022-02-14 23:33:24 info:数据库连接成功^_^
2022-02-14 23:33:24 info:服务已启动，端口：4500
2022-02-14 23:33:50 info:===登录开始===
2022-02-14 23:33:50 info:second：second
2022-02-14 23:33:50 info:===登录成功(๑>؂<๑）===
2022-02-14 23:37:51 info:===登录开始===
2022-02-14 23:37:51 info:second：second
2022-02-14 23:37:51 info:===登录成功(๑>؂<๑）===
2022-02-14 23:40:12 info:===登录开始===
2022-02-14 23:40:12 info:second：second
2022-02-14 23:40:12 info:===登录成功(๑>؂<๑）===
2022-02-14 23:41:07 info:===登录开始===
2022-02-14 23:41:07 info:first：123
2022-02-14 23:41:08 info:===登录成功(๑>؂<๑）===
2022-02-14 23:44:16 info:===登录开始===
2022-02-14 23:44:16 info:first：123
2022-02-14 23:44:16 info:===登录成功(๑>؂<๑）===
2022-02-14 23:48:15 info:===登录开始===
2022-02-14 23:48:15 info:first：123
2022-02-14 23:48:15 info:===登录成功(๑>؂<๑）===
2022-02-14 23:50:52 info:===登录开始===
2022-02-14 23:50:52 info:second：second
2022-02-14 23:50:52 info:===登录成功(๑>؂<๑）===
2022-02-14 23:52:16 info:===登录开始===
2022-02-14 23:52:16 info:second：second
2022-02-14 23:52:16 info:===登录成功(๑>؂<๑）===
2022-02-15 10:11:56 info:数据库连接开始
2022-02-15 10:11:56 info:数据库连接成功^_^
2022-02-15 10:11:57 info:服务已启动，端口：4500
2022-02-15 10:13:49 info:===登录开始===
2022-02-15 10:13:49 info:second：second
2022-02-15 10:13:49 info:===登录成功(๑>؂<๑）===
2022-02-15 10:15:49 info:===登录开始===
2022-02-15 10:15:49 info:second：second
2022-02-15 10:15:49 info:===登录成功(๑>؂<๑）===
2022-02-15 10:18:16 info:===登录开始===
2022-02-15 10:18:16 info:second：second
2022-02-15 10:18:16 info:===登录成功(๑>؂<๑）===
2022-02-15 10:22:42 info:===登录开始===
2022-02-15 10:22:42 info:second：second
2022-02-15 10:22:42 info:===登录成功(๑>؂<๑）===
2022-02-15 10:23:52 info:===登录开始===
2022-02-15 10:23:52 info:second：second
2022-02-15 10:23:52 info:===登录成功(๑>؂<๑）===
2022-02-15 10:27:08 info:===登录开始===
2022-02-15 10:27:08 info:second：second
2022-02-15 10:27:08 info:===登录成功(๑>؂<๑）===
2022-02-15 10:29:04 info:===登录开始===
2022-02-15 10:29:04 info:second：second
2022-02-15 10:29:04 info:===登录成功(๑>؂<๑）===
2022-02-15 10:31:38 info:===登录开始===
2022-02-15 10:31:38 info:second：second
2022-02-15 10:31:38 info:===登录成功(๑>؂<๑）===
2022-02-15 10:33:49 info:===登录开始===
2022-02-15 10:33:49 info:second：second
2022-02-15 10:33:49 info:===登录成功(๑>؂<๑）===
2022-02-15 10:35:41 info:===登录开始===
2022-02-15 10:35:41 info:second：second
2022-02-15 10:35:41 info:===登录成功(๑>؂<๑）===
2022-02-15 10:39:36 info:===登录开始===
2022-02-15 10:39:36 info:second：second
2022-02-15 10:39:36 info:===登录成功(๑>؂<๑）===
2022-02-15 10:40:16 info:===登录开始===
2022-02-15 10:40:16 info:first：123
2022-02-15 10:40:16 info:===登录成功(๑>؂<๑）===
2022-02-15 10:43:53 info:===登录开始===
2022-02-15 10:43:53 info:first：123
2022-02-15 10:43:53 info:===登录成功(๑>؂<๑）===
2022-02-15 10:44:09 info:===登录开始===
2022-02-15 10:44:09 info:first：123
2022-02-15 10:44:09 info:===登录成功(๑>؂<๑）===
2022-02-15 10:45:03 info:===登录开始===
2022-02-15 10:45:03 info:first：123
2022-02-15 10:45:03 info:===登录成功(๑>؂<๑）===
2022-02-15 10:49:28 info:===登录开始===
2022-02-15 10:49:28 info:first：123
2022-02-15 10:49:28 info:===登录成功(๑>؂<๑）===
2022-02-15 10:50:53 info:===登录开始===
2022-02-15 10:50:53 info:first：123
2022-02-15 10:50:53 info:===登录成功(๑>؂<๑）===
2022-02-15 10:58:22 info:===登录开始===
2022-02-15 10:58:22 info:first：123
2022-02-15 10:58:22 info:===登录成功(๑>؂<๑）===
2022-02-15 11:04:44 info:===登录开始===
2022-02-15 11:04:44 info:first：123
2022-02-15 11:04:44 info:===登录成功(๑>؂<๑）===
2022-02-15 11:08:01 info:===登录开始===
2022-02-15 11:08:01 info:second：second
2022-02-15 11:08:01 info:===登录成功(๑>؂<๑）===
2022-02-15 11:11:25 info:===登录开始===
2022-02-15 11:11:25 info:second：second
2022-02-15 11:11:25 info:===登录成功(๑>؂<๑）===
2022-02-15 11:15:26 info:===登录开始===
2022-02-15 11:15:26 info:second：second
2022-02-15 11:15:26 info:===登录成功(๑>؂<๑）===
2022-02-15 11:15:40 info:===登录开始===
2022-02-15 11:15:40 info:first：123
2022-02-15 11:15:40 info:===登录成功(๑>؂<๑）===
2022-02-15 11:22:38 info:===登录开始===
2022-02-15 11:22:38 info:second：second
2022-02-15 11:22:38 info:===登录成功(๑>؂<๑）===
2022-02-15 11:22:43 info:===登录开始===
2022-02-15 11:22:43 info:first：123
2022-02-15 11:22:43 info:===登录成功(๑>؂<๑）===
2022-02-15 11:24:47 info:===登录开始===
2022-02-15 11:24:47 info:second：second
2022-02-15 11:24:47 info:===登录成功(๑>؂<๑）===
2022-02-15 11:24:52 info:===登录开始===
2022-02-15 11:24:52 info:first：123
2022-02-15 11:24:52 info:===登录成功(๑>؂<๑）===
2022-02-15 11:47:33 info:===登录开始===
2022-02-15 11:47:33 info:first：123
2022-02-15 11:47:33 info:===登录成功(๑>؂<๑）===
2022-02-15 12:40:43 info:===登录开始===
2022-02-15 12:40:43 info:first：123
2022-02-15 12:40:43 info:===登录成功(๑>؂<๑）===
2022-02-15 12:48:42 info:===登录开始===
2022-02-15 12:48:42 info:second：second
2022-02-15 12:48:42 info:===登录成功(๑>؂<๑）===
2022-02-15 13:02:39 info:===登录开始===
2022-02-15 13:02:39 info:second：second
2022-02-15 13:02:39 info:===登录成功(๑>؂<๑）===
2022-02-15 13:04:12 info:===登录开始===
2022-02-15 13:04:12 info:first：123
2022-02-15 13:04:12 info:===登录成功(๑>؂<๑）===
2022-02-15 13:52:21 info:===登录开始===
2022-02-15 13:52:21 info:first：123
2022-02-15 13:52:21 info:===登录成功(๑>؂<๑）===
2022-02-15 13:57:23 info:===登录开始===
2022-02-15 13:57:23 info:first：123
2022-02-15 13:57:23 info:===登录成功(๑>؂<๑）===
2022-02-15 13:57:36 info:===登录开始===
2022-02-15 13:57:36 info:first：123
2022-02-15 13:57:36 info:===登录成功(๑>؂<๑）===
2022-02-15 13:58:36 info:===登录开始===
2022-02-15 13:58:36 info:first：123
2022-02-15 13:58:36 info:===登录成功(๑>؂<๑）===
2022-02-15 14:05:15 info:===登录开始===
2022-02-15 14:05:15 info:first：123
2022-02-15 14:05:15 info:===登录成功(๑>؂<๑）===
2022-02-15 14:08:17 info:===登录开始===
2022-02-15 14:08:17 info:first：123
2022-02-15 14:08:17 info:===登录成功(๑>؂<๑）===
2022-02-15 14:09:25 info:===登录开始===
2022-02-15 14:09:25 info:first：123
2022-02-15 14:09:25 info:===登录成功(๑>؂<๑）===
2022-02-15 14:11:18 info:数据库连接开始
2022-02-15 14:11:18 info:数据库连接成功^_^
2022-02-15 14:11:18 info:服务已启动，端口：4500
2022-02-15 14:12:13 info:===登录开始===
2022-02-15 14:12:13 info:first：123
2022-02-15 14:12:13 info:===登录成功(๑>؂<๑）===
2022-02-15 14:13:09 info:===登录开始===
2022-02-15 14:13:09 info:second：second
2022-02-15 14:13:09 info:===登录成功(๑>؂<๑）===
2022-02-15 14:26:17 info:===登录开始===
2022-02-15 14:26:17 info:second：second
2022-02-15 14:26:17 info:===登录成功(๑>؂<๑）===
2022-02-15 14:27:12 info:===登录开始===
2022-02-15 14:27:12 info:second：second
2022-02-15 14:27:12 info:===登录成功(๑>؂<๑）===
2022-02-15 14:27:50 info:===登录开始===
2022-02-15 14:27:50 info:second：second
2022-02-15 14:27:50 info:===登录成功(๑>؂<๑）===
2022-02-15 14:27:54 info:===登录开始===
2022-02-15 14:27:54 info:second：second
2022-02-15 14:27:54 info:===登录成功(๑>؂<๑）===
2022-02-15 14:28:02 info:===登录开始===
2022-02-15 14:28:02 info:second：second
2022-02-15 14:28:02 info:===登录成功(๑>؂<๑）===
2022-02-15 14:28:10 info:===登录开始===
2022-02-15 14:28:10 info:second：second
2022-02-15 14:28:10 info:===登录成功(๑>؂<๑）===
2022-02-15 14:28:14 info:===登录开始===
2022-02-15 14:28:14 info:second：second
2022-02-15 14:28:14 info:===登录成功(๑>؂<๑）===
2022-02-15 14:29:11 info:===登录开始===
2022-02-15 14:29:11 info:second：second
2022-02-15 14:29:11 info:===登录成功(๑>؂<๑）===
2022-02-15 14:30:07 info:===登录开始===
2022-02-15 14:30:07 info:second：second
2022-02-15 14:30:07 info:===登录成功(๑>؂<๑）===
2022-02-15 14:34:25 info:===登录开始===
2022-02-15 14:34:25 info:second：second
2022-02-15 14:34:25 info:===登录成功(๑>؂<๑）===
2022-02-15 14:34:32 info:===登录开始===
2022-02-15 14:34:32 info:second：second
2022-02-15 14:34:32 info:===登录成功(๑>؂<๑）===
2022-02-15 14:34:39 info:===登录开始===
2022-02-15 14:34:39 info:second：second
2022-02-15 14:34:39 info:===登录成功(๑>؂<๑）===
2022-02-15 14:36:12 info:数据库连接开始
2022-02-15 14:36:12 info:数据库连接成功^_^
2022-02-15 14:36:12 info:服务已启动，端口：4500
2022-02-15 14:36:36 info:===登录开始===
2022-02-15 14:36:36 info:second：second
2022-02-15 14:36:36 info:===登录成功(๑>؂<๑）===
2022-02-15 14:37:28 info:===登录开始===
2022-02-15 14:37:28 info:second：second
2022-02-15 14:37:28 info:===登录成功(๑>؂<๑）===
2022-02-15 14:45:18 info:数据库连接开始
2022-02-15 14:45:18 info:数据库连接成功^_^
2022-02-15 14:45:18 info:服务已启动，端口：4500
2022-02-15 14:45:25 info:===登录开始===
2022-02-15 14:45:25 info:second：second
2022-02-15 14:45:25 info:===登录成功(๑>؂<๑）===
2022-02-15 14:46:40 info:数据库连接开始
2022-02-15 14:46:41 info:数据库连接成功^_^
2022-02-15 14:46:41 info:服务已启动，端口：4500
2022-02-15 14:46:44 info:===登录开始===
2022-02-15 14:46:44 info:second：second
2022-02-15 14:46:44 info:===登录成功(๑>؂<๑）===
2022-02-15 14:54:00 info:===登录开始===
2022-02-15 14:54:00 info:second：second
2022-02-15 14:54:00 info:===登录成功(๑>؂<๑）===
2022-02-15 14:59:21 info:数据库连接开始
2022-02-15 14:59:21 info:数据库连接成功^_^
2022-02-15 14:59:22 info:服务已启动，端口：4500
2022-02-15 14:59:27 info:===登录开始===
2022-02-15 14:59:27 info:second：second
2022-02-15 14:59:27 info:===登录成功(๑>؂<๑）===
2022-02-15 15:00:58 info:数据库连接开始
2022-02-15 15:00:58 info:数据库连接成功^_^
2022-02-15 15:00:58 info:服务已启动，端口：4500
2022-02-15 15:01:03 info:===登录开始===
2022-02-15 15:01:03 info:second：second
2022-02-15 15:01:03 info:===登录成功(๑>؂<๑）===
2022-02-15 15:13:11 info:数据库连接开始
2022-02-15 15:13:11 info:数据库连接成功^_^
2022-02-15 15:13:11 info:服务已启动，端口：4500
2022-02-15 15:15:03 info:===登录开始===
2022-02-15 15:15:03 info:second：second
2022-02-15 15:15:03 info:===登录成功(๑>؂<๑）===
2022-02-15 15:19:22 info:数据库连接开始
2022-02-15 15:19:22 info:数据库连接成功^_^
2022-02-15 15:19:22 info:服务已启动，端口：4500
2022-02-15 15:19:38 info:===登录开始===
2022-02-15 15:19:38 info:second：second
2022-02-15 15:19:38 info:===登录成功(๑>؂<๑）===
2022-02-15 15:22:20 info:数据库连接开始
2022-02-15 15:22:21 info:数据库连接成功^_^
2022-02-15 15:22:21 info:服务已启动，端口：4500
2022-02-15 15:23:22 info:===登录开始===
2022-02-15 15:23:22 info:second：second
2022-02-15 15:23:22 info:===登录成功(๑>؂<๑）===
2022-02-15 15:25:31 info:===登录开始===
2022-02-15 15:25:31 info:second：second
2022-02-15 15:25:31 info:===登录成功(๑>؂<๑）===
2022-02-15 15:28:21 info:数据库连接开始
2022-02-15 15:28:21 info:数据库连接成功^_^
2022-02-15 15:28:21 info:服务已启动，端口：4500
2022-02-15 15:28:48 info:===登录开始===
2022-02-15 15:28:48 info:second：second
2022-02-15 15:28:48 info:===登录成功(๑>؂<๑）===
2022-02-15 15:37:33 info:数据库连接开始
2022-02-15 15:37:33 info:数据库连接成功^_^
2022-02-15 15:37:33 info:服务已启动，端口：4500
2022-02-15 15:37:42 info:===登录开始===
2022-02-15 15:37:42 info:second：second
2022-02-15 15:37:42 info:===登录成功(๑>؂<๑）===
2022-02-15 15:40:44 info:数据库连接开始
2022-02-15 15:40:44 info:数据库连接成功^_^
2022-02-15 15:40:44 info:服务已启动，端口：4500
2022-02-15 15:40:50 info:===登录开始===
2022-02-15 15:40:50 info:second：second
2022-02-15 15:40:50 info:===登录成功(๑>؂<๑）===
2022-02-15 15:41:35 info:===登录开始===
2022-02-15 15:41:35 info:second：second
2022-02-15 15:41:35 info:===登录成功(๑>؂<๑）===
2022-02-15 15:42:20 info:===登录开始===
2022-02-15 15:42:20 info:second：second
2022-02-15 15:42:20 info:===登录成功(๑>؂<๑）===
2022-02-15 15:44:12 info:===登录开始===
2022-02-15 15:44:12 info:second：second
2022-02-15 15:44:12 info:===登录成功(๑>؂<๑）===
2022-02-15 15:47:00 info:===登录开始===
2022-02-15 15:47:00 info:second：second
2022-02-15 15:47:00 info:===登录成功(๑>؂<๑）===
2022-02-15 15:47:34 info:===登录开始===
2022-02-15 15:47:34 info:second：second
2022-02-15 15:47:34 info:===登录成功(๑>؂<๑）===
2022-02-15 15:49:19 info:===登录开始===
2022-02-15 15:49:19 info:second：second
2022-02-15 15:49:19 info:===登录成功(๑>؂<๑）===
2022-02-15 15:49:43 info:===登录开始===
2022-02-15 15:49:43 info:second：second
2022-02-15 15:49:43 info:===登录成功(๑>؂<๑）===
2022-02-15 15:51:34 info:数据库连接开始
2022-02-15 15:51:35 info:数据库连接成功^_^
2022-02-15 15:51:35 info:服务已启动，端口：4500
2022-02-15 15:51:42 info:===登录开始===
2022-02-15 15:51:42 info:second：second
2022-02-15 15:51:42 info:===登录成功(๑>؂<๑）===
2022-02-15 15:52:40 info:===登录开始===
2022-02-15 15:52:40 info:second：second
2022-02-15 15:52:40 info:===登录成功(๑>؂<๑）===
2022-02-15 15:53:01 info:===登录开始===
2022-02-15 15:53:01 info:first：123
2022-02-15 15:53:01 info:===登录成功(๑>؂<๑）===
2022-02-15 15:54:41 info:===登录开始===
2022-02-15 15:54:41 info:first：123
2022-02-15 15:54:41 info:===登录成功(๑>؂<๑）===
2022-02-15 16:13:47 info:===登录开始===
2022-02-15 16:13:47 info:first：123
2022-02-15 16:13:47 info:===登录成功(๑>؂<๑）===
2022-02-15 16:13:54 info:===登录开始===
2022-02-15 16:13:54 info:second：second
2022-02-15 16:13:54 info:===登录成功(๑>؂<๑）===
2022-02-15 16:25:38 info:===登录开始===
2022-02-15 16:25:38 info:first：123
2022-02-15 16:25:38 info:===登录成功(๑>؂<๑）===
2022-02-20 14:13:28 info:数据库连接开始
2022-02-20 14:13:28 info:数据库连接成功^_^
2022-02-20 14:13:28 info:服务已启动，端口：4500
2022-02-20 14:30:29 info:===登录开始===
2022-02-20 14:30:29 info:first：123
2022-02-20 14:30:29 info:===登录成功(๑>؂<๑）===
2022-02-20 14:31:32 info:数据库连接开始
2022-02-20 14:31:32 info:数据库连接成功^_^
2022-02-20 14:31:33 info:服务已启动，端口：4500
2022-02-20 14:35:23 info:===登录开始===
2022-02-20 14:35:23 info:second：second
2022-02-20 14:35:23 info:===登录成功(๑>؂<๑）===
2022-02-26 18:15:50 info:数据库连接开始
2022-02-26 18:15:50 info:数据库连接成功^_^
2022-02-26 18:15:50 info:服务已启动，端口：4500
2022-02-26 18:16:20 info:===登录开始===
2022-02-26 18:16:20 info:second：second
2022-02-26 18:16:20 info:===登录成功(๑>؂<๑）===
2022-02-26 18:19:16 info:===登录开始===
2022-02-26 18:19:16 info:first：123
2022-02-26 18:19:16 info:===登录成功(๑>؂<๑）===
2022-02-26 18:20:07 info:===登录开始===
2022-02-26 18:20:07 info:second：second
2022-02-26 18:20:07 info:===登录成功(๑>؂<๑）===
2022-02-26 18:27:16 info:数据库连接开始
2022-02-26 18:27:17 info:数据库连接成功^_^
2022-02-26 18:27:17 info:服务已启动，端口：4500
2022-02-26 18:28:08 info:数据库连接开始
2022-02-26 18:28:08 info:数据库连接成功^_^
2022-02-26 18:28:08 info:服务已启动，端口：4500
2022-03-01 13:39:44 info:数据库连接开始
2022-03-01 13:39:44 info:数据库连接成功^_^
2022-03-01 13:39:44 info:服务已启动，端口：4500
2022-03-01 13:42:01 info:===登录开始===
2022-03-01 13:42:01 info:second：second
2022-03-01 13:42:01 info:===登录成功(๑>؂<๑）===
2022-03-01 13:42:59 info:===登录开始===
2022-03-01 13:42:59 info:first：123
2022-03-01 13:42:59 info:===登录成功(๑>؂<๑）===
2022-03-01 14:04:18 info:数据库连接开始
2022-03-01 14:04:18 info:数据库连接成功^_^
2022-03-01 14:04:19 info:服务已启动，端口：4500
2022-03-01 14:05:08 info:===登录开始===
2022-03-01 14:05:08 info:second：second
2022-03-01 14:05:08 info:===登录成功(๑>؂<๑）===
2022-03-01 14:20:13 info:===登录开始===
2022-03-01 14:20:13 info:first：123
2022-03-01 14:20:13 info:===登录成功(๑>؂<๑）===
2022-03-01 14:23:22 info:数据库连接开始
2022-03-01 14:23:22 info:数据库连接成功^_^
2022-03-01 14:23:22 info:服务已启动，端口：4500
2022-03-01 14:23:59 info:===登录开始===
2022-03-01 14:23:59 info:second：second
2022-03-01 14:23:59 info:===登录成功(๑>؂<๑）===
2022-03-01 16:45:32 info:数据库连接开始
2022-03-01 16:45:33 info:数据库连接成功^_^
2022-03-01 16:45:33 info:服务已启动，端口：4500
2022-03-01 16:46:07 info:===登录开始===
2022-03-01 16:46:07 info:second：second
2022-03-01 16:46:07 info:===登录成功(๑>؂<๑）===
2022-03-01 16:51:40 info:数据库连接开始
2022-03-01 16:51:40 info:数据库连接成功^_^
2022-03-01 16:51:41 info:服务已启动，端口：4500
2022-03-01 16:55:54 info:===登录开始===
2022-03-01 16:55:54 info:aaa：1234
2022-03-01 16:55:54 info:===登录成功(๑>؂<๑）===
2022-03-01 16:57:38 info:===登录开始===
2022-03-01 16:57:38 info:aaa：1234
2022-03-01 16:57:38 info:===登录成功(๑>؂<๑）===
2022-03-01 16:57:47 info:===登录开始===
2022-03-01 16:57:47 info:first：123
2022-03-01 16:57:47 info:===登录成功(๑>؂<๑）===
2022-03-01 16:58:21 info:===登录开始===
2022-03-01 16:58:21 info:aaa：1234
2022-03-01 16:58:21 info:===登录成功(๑>؂<๑）===
2022-03-13 12:41:09 info:数据库连接开始
2022-03-13 12:41:09 info:数据库连接成功^_^
2022-03-13 12:41:09 info:服务已启动，端口：4500
2022-03-13 12:42:35 info:===登录开始===
2022-03-13 12:42:35 info:first：first
2022-03-13 12:42:39 info:===登录开始===
2022-03-13 12:42:39 info:first：123
2022-03-13 12:42:39 info:===登录成功(๑>؂<๑）===
2022-04-03 11:32:50 info:数据库连接开始
2022-04-03 11:32:50 info:数据库连接成功^_^
2022-04-03 11:32:50 info:服务已启动，端口：4500
2022-04-03 11:33:39 info:数据库连接开始
2022-04-03 11:33:39 info:数据库连接成功^_^
2022-04-03 11:33:39 info:服务已启动，端口：4500
2022-04-03 11:35:16 info:===登录开始===
2022-04-03 11:35:16 info:first：123
2022-04-03 11:35:16 info:===登录成功(๑>؂<๑）===
2022-04-03 12:33:31 info:数据库连接开始
2022-04-03 12:33:31 info:数据库连接成功^_^
2022-04-03 12:33:31 info:服务已启动，端口：4500
2022-04-03 13:18:44 error:Unknown column 'name' in 'where clause'
2022-04-03 13:19:54 error:Unknown column 'isTrusted' in 'where clause'
2022-04-03 13:28:43 info:数据库连接开始
2022-04-03 13:28:43 info:数据库连接成功^_^
2022-04-03 13:28:43 info:服务已启动，端口：4500
2022-04-03 13:59:39 info:===登录开始===
2022-04-03 13:59:39 info:布：123
2022-04-03 13:59:39 info:===登录成功(๑>؂<๑）===
2022-04-03 13:59:51 info:===登录开始===
2022-04-03 13:59:51 info:first：123
2022-04-03 13:59:51 info:===登录成功(๑>؂<๑）===
2022-04-03 14:19:45 info:===登录开始===
2022-04-03 14:19:45 info:first：123
2022-04-03 14:19:45 info:===登录成功(๑>؂<๑）===
2022-04-03 14:25:11 info:===登录开始===
2022-04-03 14:25:11 info:first：123
2022-04-03 14:25:11 info:===登录成功(๑>؂<๑）===
2022-04-03 14:26:53 info:===登录开始===
2022-04-03 14:26:53 info:first：123
2022-04-03 14:26:53 info:===登录成功(๑>؂<๑）===
2022-04-03 14:30:05 info:===登录开始===
2022-04-03 14:30:05 info:米奇：12344
2022-04-03 14:30:05 info:===登录成功(๑>؂<๑）===
2022-04-03 14:56:24 info:===登录开始===
2022-04-03 14:56:24 info:布：123
2022-04-03 14:56:24 info:===登录成功(๑>؂<๑）===
2022-04-03 14:59:28 info:===登录开始===
2022-04-03 14:59:28 info:first：123
2022-04-03 14:59:28 info:===登录成功(๑>؂<๑）===
2022-04-03 15:07:16 info:===登录开始===
2022-04-03 15:07:16 info:布：123
2022-04-03 15:07:16 info:===登录成功(๑>؂<๑）===
2022-04-04 16:33:17 info:数据库连接开始
2022-04-04 16:33:17 info:数据库连接成功^_^
2022-04-04 16:33:17 info:服务已启动，端口：4500
2022-04-04 17:23:19 info:数据库连接开始
2022-04-04 17:23:19 info:数据库连接成功^_^
2022-04-04 17:23:20 info:服务已启动，端口：4500
2022-04-04 17:24:01 info:===登录开始===
2022-04-04 17:24:01 info:first：123
2022-04-04 17:24:01 info:===登录成功(๑>؂<๑）===
2022-04-04 17:27:24 info:===登录开始===
2022-04-04 17:27:24 info:first：123
2022-04-04 17:27:24 info:===登录成功(๑>؂<๑）===
2022-04-04 17:44:56 info:数据库连接开始
2022-04-04 17:44:56 info:数据库连接成功^_^
2022-04-04 17:44:56 info:服务已启动，端口：4500
2022-04-04 17:49:05 info:===登录开始===
2022-04-04 17:49:05 info:lisi：abc
2022-04-04 17:49:05 info:===登录成功(๑>؂<๑）===
2022-04-04 17:53:49 info:===登录开始===
2022-04-04 17:53:49 info:first：123
2022-04-04 17:53:49 info:===登录成功(๑>؂<๑）===
2022-04-04 18:06:09 info:===登录开始===
2022-04-04 18:06:09 info:first：123
2022-04-04 18:06:09 info:===登录成功(๑>؂<๑）===
2022-04-04 18:08:48 info:===登录开始===
2022-04-04 18:08:48 info:forward：123
2022-04-04 18:08:48 info:===登录成功(๑>؂<๑）===
2022-04-04 18:14:10 info:===登录开始===
2022-04-04 18:14:10 info:first：123
2022-04-04 18:14:10 info:===登录成功(๑>؂<๑）===
2022-04-04 18:24:26 info:数据库连接开始
2022-04-04 18:24:26 info:数据库连接成功^_^
2022-04-04 18:24:26 info:服务已启动，端口：4500
2022-04-04 20:12:49 info:===登录开始===
2022-04-04 20:12:49 info:first：123
2022-04-04 20:12:49 info:===登录成功(๑>؂<๑）===
2022-04-04 20:13:13 info:===登录开始===
2022-04-04 20:13:13 info:hehe：haha
2022-04-04 20:13:13 info:===登录成功(๑>؂<๑）===
2022-04-04 20:20:05 info:===登录开始===
2022-04-04 20:20:05 info:qie：qie
2022-04-04 20:20:05 info:===登录成功(๑>؂<๑）===
2022-04-04 20:30:24 info:数据库连接开始
2022-04-04 20:30:25 info:数据库连接成功^_^
2022-04-04 20:30:25 info:服务已启动，端口：4500
2022-04-04 20:36:14 info:===登录开始===
2022-04-04 20:36:14 info:qie：qie
2022-04-04 20:36:14 info:===登录成功(๑>؂<๑）===
2022-04-04 20:38:57 info:===登录开始===
2022-04-04 20:38:57 info:qie：qie
2022-04-04 20:38:57 info:===登录成功(๑>؂<๑）===
2022-04-04 20:47:35 info:===登录开始===
2022-04-04 20:47:35 info:qie：qie
2022-04-04 20:47:36 info:===登录成功(๑>؂<๑）===
2022-04-12 10:36:46 info:数据库连接开始
2022-04-12 10:36:47 info:数据库连接成功^_^
2022-04-12 10:36:47 info:服务已启动，端口：4500
2022-04-12 10:38:30 info:===登录开始===
2022-04-12 10:38:30 info:first：123
2022-04-12 10:38:30 info:===登录成功(๑>؂<๑）===
2022-04-12 10:52:27 info:===登录开始===
2022-04-12 10:52:27 info:first：123
2022-04-12 10:52:27 info:===登录成功(๑>؂<๑）===
2022-04-12 10:56:07 info:数据库连接开始
2022-04-12 10:56:07 info:数据库连接成功^_^
2022-04-12 10:56:07 info:服务已启动，端口：4500
2022-04-24 15:05:45 info:数据库连接开始
2022-04-24 15:05:46 info:数据库连接成功^_^
2022-04-24 15:05:46 info:服务已启动，端口：4500
2022-04-24 15:11:09 info:===登录开始===
2022-04-24 15:11:09 info:first：123
2022-04-24 15:11:10 info:===登录成功(๑>؂<๑）===
2022-04-24 15:26:24 info:===登录开始===
2022-04-24 15:26:24 info:second：second
2022-04-24 15:26:24 info:===登录成功(๑>؂<๑）===
2022-04-24 15:27:31 info:===登录开始===
2022-04-24 15:27:31 info:first：123
2022-04-24 15:27:31 info:===登录成功(๑>؂<๑）===
2022-04-24 15:28:26 info:===登录开始===
2022-04-24 15:28:26 info:lisi：abc
2022-04-24 15:28:26 info:===登录成功(๑>؂<๑）===
2022-04-24 15:29:53 info:===登录开始===
2022-04-24 15:29:53 info:second：second
2022-04-24 15:29:53 info:===登录成功(๑>؂<๑）===
2022-04-27 10:37:05 info:数据库连接开始
2022-04-27 10:37:05 info:数据库连接成功^_^
2022-04-27 10:37:06 info:服务已启动，端口：4500
2022-04-27 10:41:31 info:===登录开始===
2022-04-27 10:41:31 info:perfect：perfect
2022-04-27 10:41:31 info:===登录成功(๑>؂<๑）===
2022-04-27 10:47:48 info:===登录开始===
2022-04-27 10:47:48 info:first：123
2022-04-27 10:47:48 info:===登录成功(๑>؂<๑）===
2022-04-27 10:48:43 info:===登录开始===
2022-04-27 10:48:43 info:test：test
2022-04-27 10:48:43 info:===登录成功(๑>؂<๑）===
2022-04-27 10:48:58 info:===登录开始===
2022-04-27 10:48:58 info:perfect：ferfect
2022-04-27 10:49:04 info:===登录开始===
2022-04-27 10:49:04 info:perfect：perfect
2022-04-27 10:49:04 info:===登录成功(๑>؂<๑）===
2022-05-07 10:17:44 info:数据库连接开始
2022-05-07 10:17:44 info:数据库连接成功^_^
2022-05-07 10:17:44 info:服务已启动，端口：4500
2022-05-07 10:19:06 info:===登录开始===
2022-05-07 10:19:06 info:onetwoshreee：abc
2022-05-07 10:19:06 error:Cannot read property 'password' of undefined
2022-05-07 10:19:40 info:===登录开始===
2022-05-07 10:19:40 info:first：123
2022-05-07 10:19:40 info:===登录成功(๑>؂<๑）===
2022-05-07 10:22:11 info:数据库连接开始
2022-05-07 10:22:11 info:数据库连接成功^_^
2022-05-07 10:22:11 info:服务已启动，端口：4500
2022-05-07 10:22:24 info:===登录开始===
2022-05-07 10:22:24 info:onetwo：two
2022-05-07 10:22:24 error:Cannot read property 'password' of undefined
2022-05-07 10:23:19 info:数据库连接开始
2022-05-07 10:23:19 info:数据库连接成功^_^
2022-05-07 10:23:19 info:服务已启动，端口：4500
2022-05-07 10:25:29 info:数据库连接开始
2022-05-07 10:25:29 info:数据库连接成功^_^
2022-05-07 10:25:30 info:服务已启动，端口：4500
2022-05-07 10:25:33 info:===登录开始===
2022-05-07 10:25:33 info:onetwo：two
2022-05-07 10:26:51 info:===登录开始===
2022-05-07 10:26:51 info:onetwo：two
2022-05-07 10:27:49 info:===登录开始===
2022-05-07 10:27:49 info:onetwo：two
2022-05-07 10:27:57 info:===登录开始===
2022-05-07 10:27:57 info:onetwo：two
2022-05-07 10:28:30 info:===登录开始===
2022-05-07 10:28:30 info:onetwo：two
2022-05-07 10:31:09 info:===登录开始===
2022-05-07 10:31:09 info:first：ee
2022-05-07 10:31:13 info:===登录开始===
2022-05-07 10:31:13 info:first：ee
2022-05-07 10:31:24 info:===登录开始===
2022-05-07 10:31:24 info:first：ee
2022-05-07 10:35:11 info:===登录开始===
2022-05-07 10:35:11 info:second：ee3
2022-05-07 10:35:16 info:===登录开始===
2022-05-07 10:35:16 info:second：second
2022-05-07 10:35:16 info:===登录成功(๑>؂<๑）===
2022-05-07 10:37:36 info:===登录开始===
2022-05-07 10:37:36 info:first：123
2022-05-07 10:37:36 info:===登录成功(๑>؂<๑）===
2022-05-09 16:03:31 info:数据库连接开始
2022-05-09 16:03:31 info:数据库连接成功^_^
2022-05-09 16:03:31 info:服务已启动，端口：4500
2022-05-09 16:04:20 info:===登录开始===
2022-05-09 16:04:20 info:second：second
2022-05-09 16:04:20 info:===登录成功(๑>؂<๑）===
2022-05-09 16:18:25 info:===登录开始===
2022-05-09 16:18:25 info:first：123
2022-05-09 16:18:25 info:===登录成功(๑>؂<๑）===
2022-05-09 16:34:15 info:===登录开始===
2022-05-09 16:34:15 info:second：second
2022-05-09 16:34:15 info:===登录成功(๑>؂<๑）===
2022-05-10 01:19:10 info:数据库连接开始
2022-05-10 01:19:10 info:数据库连接成功^_^
2022-05-10 01:19:11 info:服务已启动，端口：4500
2022-05-10 01:26:00 info:===登录开始===
2022-05-10 01:26:00 info:second：second
2022-05-10 01:26:01 info:===登录成功(๑>؂<๑）===
2022-05-10 02:08:04 info:===登录开始===
2022-05-10 02:08:04 info:first：123
2022-05-10 02:08:04 info:===登录成功(๑>؂<๑）===
2022-05-24 19:17:01 info:数据库连接开始
2022-05-24 19:17:01 info:数据库连接成功^_^
2022-05-24 19:17:01 info:服务已启动，端口：4500
2022-05-24 19:17:50 info:===登录开始===
2022-05-24 19:17:50 info:second：second
2022-05-24 19:17:51 info:===登录成功(๑>؂<๑）===
2022-05-24 19:53:45 info:===登录开始===
2022-05-24 19:53:45 info:first：123
2022-05-24 19:53:45 info:===登录成功(๑>؂<๑）===
2022-05-24 20:00:38 info:===登录开始===
2022-05-24 20:00:38 info:second：second
2022-05-24 20:00:38 info:===登录成功(๑>؂<๑）===
